5.982703e+00	2.205635e-01	5.740033e-02
4.952548e+00	2.036139e-01	1.076744e-01
4.214260e+00	2.263533e-01	1.275283e-01
3.749438e+00	1.787072e-01	1.000910e-01
2.954815e+00	2.411958e-01	2.349678e-02
2.094394e+00	2.121546e-01	4.996003e-02
2.312069e+00	2.101315e-01	5.953859e-02
2.839691e+00	2.224942e-01	5.953859e-02
1.917412e+00	2.942083e-01	1.153859e-01
2.566357e+00	2.962510e-01	8.906008e-02
2.792623e+00	3.065936e-01	2.706283e-01
2.704358e+00	3.404335e-01	3.298390e-01
3.175774e+00	2.877702e-01	2.706283e-01
2.286534e+00	5.092969e-01	1.874622e-01
2.900827e+00	2.715676e-01	2.855074e-01
4.311182e+00	6.303428e-01	7.247147e-01
4.460946e+00	6.927725e-01	7.903743e-01
4.740122e+00	7.077147e-01	6.714453e-01
4.827432e+00	7.069071e-01	5.458945e-01
4.809118e+00	6.463266e-01	8.750333e-01
2.744797e+00	6.327873e-01	9.817320e-01
3.169380e+00	6.503427e-01	1.045656e+00
2.114926e+00	6.605070e-01	6.389577e-01
2.823570e+00	6.606228e-01	8.346809e-01
2.077770e+00	6.470399e-01	8.983953e-01
3.004564e+00	6.259311e-01	7.261546e-01
1.967374e+00	6.213710e-01	6.657382e-01
2.810283e+00	6.022480e-01	6.917656e-01
2.017410e+00	6.104817e-01	4.541106e-01
1.542249e+00	5.849932e-01	4.959809e-01
2.288203e+00	5.372032e-01	7.148283e-01
2.270266e+00	5.362401e-01	6.548258e-01
1.834260e+00	5.266305e-01	4.402046e-01
1.153512e+00	5.516807e-01	4.579536e-01
1.543200e+00	6.034392e-01	6.567723e-01
1.241808e+00	5.444831e-01	4.474954e-01
1.080173e+00	6.063852e-01	4.563915e-01
1.821169e+00	6.065136e-01	4.563915e-01
1.451516e+00	6.366979e-01	7.485169e-01
1.749338e+00	6.323460e-01	1.031997e+00
1.619031e+00	6.115377e-01	6.057628e-01
2.040058e+00	6.942373e-01	9.965413e-01
1.752836e+00	5.187467e-01	2.242035e-01
1.741301e+00	5.656175e-01	8.379220e-01
7.899322e-01	6.232271e-01	2.119192e-01
1.111462e+00	5.954833e-01	2.571008e-01
9.217624e-01	5.516088e-01	5.802596e-01
1.079736e+00	5.384892e-01	5.272205e-01
8.352962e-01	6.247707e-01	7.988847e-01
9.162151e-01	6.612899e-01	7.098325e-01
1.014036e+00	6.510529e-01	7.767594e-01
5.403766e-01	6.109627e-01	7.184297e-01
5.380959e-01	5.764015e-01	7.809004e-01
7.370486e-01	5.708505e-01	6.317898e-01
7.770940e-01	4.867361e-01	7.639535e-01
6.412593e-01	4.784926e-01	5.968557e-01
6.400480e-01	5.432081e-01	6.967501e-01
5.748051e-01	5.030844e-01	7.187644e-01
5.365043e-01	4.972033e-01	7.461649e-01
4.592442e-01	4.609011e-01	7.789569e-01
4.357223e-01	4.689608e-01	8.032310e-01
7.287458e-01	4.794618e-01	7.340771e-01
6.055044e-01	4.992920e-01	6.648799e-01
5.189392e-01	5.031545e-01	6.514146e-01
5.437081e-01	4.975802e-01	6.320740e-01
5.928842e-01	4.466221e-01	6.463899e-01
6.124547e-01	4.573305e-01	6.779575e-01
6.511503e-01	4.995011e-01	6.713375e-01
6.096887e-01	5.099718e-01	7.478899e-01
5.409887e-01	4.703206e-01	6.484193e-01
4.519181e-01	4.489022e-01	6.563308e-01
4.644416e-01	4.810246e-01	7.363713e-01
4.215604e-01	5.040163e-01	5.593762e-01
5.647019e-01	4.730778e-01	8.174824e-01
5.728219e-01	5.089397e-01	7.105053e-01
5.902267e-01	4.769583e-01	5.063950e-01
6.319412e-01	4.587595e-01	8.150119e-01
6.178962e-01	4.496940e-01	6.450110e-01
5.581949e-01	4.867667e-01	5.456970e-01
5.653427e-01	4.170149e-01	5.456970e-01
5.654800e-01	5.211588e-01	4.721557e-01
5.669710e-01	4.965773e-01	7.172758e-01
5.445886e-01	5.206064e-01	4.403662e-01
5.311488e-01	4.157121e-01	5.470906e-01
4.762499e-01	4.574662e-01	7.101520e-01
5.145460e-01	5.547693e-01	5.926535e-01
5.378349e-01	5.493476e-01	5.819677e-01
5.388539e-01	4.537725e-01	3.801285e-01
5.433259e-01	4.594106e-01	5.555740e-01
4.775824e-01	4.402653e-01	5.702286e-01
5.689322e-01	5.684030e-01	3.498510e-01
6.042001e-01	5.447725e-01	3.221753e-01
6.135461e-01	6.156014e-01	4.355102e-01
6.339272e-01	7.214284e-01	4.979469e-01
6.701159e-01	6.483702e-01	3.581741e-01
6.944612e-01	5.607457e-01	2.246774e-01
6.810211e-01	8.435795e-01	2.758753e-01
6.124755e-01	8.657571e-01	9.594657e-01
7.558901e-01	8.751599e-01	1.340807e+00
7.171336e-01	8.948619e-01	9.433742e-01
7.080022e-01	8.350510e-01	1.132691e+00
6.632927e-01	9.497309e-01	6.894699e-01
6.988918e-01	8.941424e-01	9.607277e-01
4.076025e-01	9.243784e-01	7.581473e-01
6.654887e-01	8.515387e-01	8.748975e-01
5.865800e-01	8.070018e-01	1.132714e+00
5.350576e-01	9.943956e-01	1.497933e+00
6.967670e-01	9.190849e-01	1.269326e+00
3.935575e-01	9.543739e-01	1.187074e+00
5.817589e-01	7.912416e-01	1.326248e+00
3.763482e-01	1.007941e+00	1.309130e+00
3.472124e-01	9.001344e-01	1.068968e+00
4.299629e-01	8.621258e-01	1.076706e+00
4.335101e-01	8.451276e-01	9.500112e-01
3.255850e-01	9.152997e-01	1.301384e+00
3.182485e-01	9.395175e-01	9.431031e-01
5.426720e-01	9.743504e-01	1.139151e+00
5.466173e-01	8.892354e-01	1.144393e+00
2.227612e-01	9.418119e-01	1.243273e+00
2.895128e-01	1.050208e+00	9.549804e-01
5.100435e-01	1.021975e+00	1.144042e+00
4.045243e-01	1.019223e+00	1.288334e+00
4.067586e-01	9.483238e-01	1.344122e+00
2.461062e-01	1.004365e+00	1.114982e+00
3.100574e-01	1.082013e+00	1.254529e+00
4.641681e-01	1.114701e+00	9.939232e-01
1.967985e-01	1.163097e+00	9.472067e-01
5.918984e-01	1.255808e+00	1.231297e+00
4.887068e-01	1.190109e+00	1.711036e+00
4.578432e-01	1.144461e+00	1.328774e+00
4.170352e-01	1.161404e+00	1.228835e+00
4.194737e-01	1.004378e+00	1.250403e+00
5.194958e-01	1.123023e+00	1.369934e+00
4.536488e-01	1.117979e+00	1.255284e+00
5.038501e-01	1.057070e+00	1.178406e+00
4.810353e-01	1.074826e+00	9.650836e-01
4.267253e-01	1.031619e+00	1.302436e+00
3.897549e-01	9.084627e-01	1.316211e+00
3.707576e-01	1.015158e+00	1.490073e+00
3.395478e-01	9.612219e-01	1.421023e+00
3.258147e-01	9.970360e-01	1.456548e+00
2.821429e-01	9.475799e-01	1.387966e+00
1.952132e-01	9.829952e-01	1.341229e+00
3.566063e-01	9.699251e-01	1.594894e+00
1.640919e-01	1.035323e+00	1.152076e+00
3.482811e-01	1.007688e+00	1.402203e+00
9.036162e-02	1.072319e+00	1.405249e+00
2.932903e-01	9.593264e-01	1.212505e+00
2.888790e-01	9.783924e-01	1.058786e+00
1.824207e-01	9.804241e-01	1.105361e+00
2.788529e-01	9.575901e-01	1.211701e+00
2.717493e-01	9.057560e-01	1.179757e+00
2.679294e-01	8.950419e-01	9.842412e-01
1.537806e-01	9.746012e-01	1.241186e+00
1.732660e-01	9.450004e-01	1.242120e+00
2.525011e-01	1.018025e+00	1.065925e+00
2.258554e-01	1.051932e+00	1.295492e+00
1.953628e-01	9.683884e-01	1.292129e+00
2.269797e-01	1.077451e+00	1.292129e+00
6.847928e-02	1.068233e+00	1.207300e+00
2.405742e-01	1.034163e+00	1.151096e+00
1.522544e-01	1.022290e+00	1.081212e+00
1.950653e-01	1.099900e+00	1.214879e+00
1.626801e-01	1.138689e+00	9.889110e-01
2.180199e-01	1.095116e+00	1.083445e+00
1.846405e-01	1.024769e+00	9.193215e-01
1.625748e-01	1.134485e+00	1.564699e+00
1.203963e-01	1.055756e+00	1.441628e+00
1.531686e-01	9.749702e-01	8.853196e-01
1.614918e-01	9.958179e-01	1.166498e+00
1.716884e-01	1.061802e+00	1.157114e+00
1.370854e-01	1.157826e+00	1.578071e+00
1.362160e-01	1.070267e+00	1.578071e+00
1.603083e-01	1.088564e+00	1.429393e+00
1.536701e-01	1.167777e+00	8.288582e-01
1.530477e-01	1.012862e+00	9.631957e-01
1.392347e-01	1.221050e+00	9.114016e-01
1.267632e-01	1.084159e+00	1.359476e+00
1.380481e-01	1.072847e+00	9.404463e-01
1.002774e-01	1.174946e+00	7.336878e-01
6.538057e-02	1.165207e+00	1.351619e+00
9.289912e-02	1.044416e+00	1.090222e+00
1.094095e-01	1.106128e+00	7.885323e-01
1.019723e-01	1.281985e+00	8.917379e-01
6.686032e-02	1.199094e+00	1.234154e+00
8.592398e-02	1.131217e+00	7.105816e-01
3.621925e-02	1.334485e+00	1.313860e+00
2.647341e-02	1.280616e+00	1.371274e+00
2.243953e-02	1.218640e+00	1.248756e+00
3.210692e-02	1.452659e+00	1.321406e+00
5.813790e-02	1.319139e+00	1.025661e+00
7.931838e-02	1.406363e+00	1.130252e+00
3.947992e-02	1.754391e+00	9.260272e-01
4.704002e-02	1.625597e+00	8.363358e-01
3.343399e-02	1.756026e+00	9.436133e-01
4.484734e-02	1.882640e+00	8.738278e-01
1.280905e-02	2.218074e+00	1.602322e+00
2.818985e-02	2.426786e+00	9.381103e-01
2.328783e-02	2.492391e+00	1.652647e+00
1.469842e-02	4.183377e+00	1.519903e+00
